<?xml version="1.0" encoding="UTF-8"?>
<testng-results ignored="0" total="2" passed="2" failed="0" skipped="0">
  <reporter-output>
  </reporter-output>
  <suite started-at="2025-01-30T20:31:01 IST" name="Suite" finished-at="2025-01-30T20:31:31 IST" duration-ms="30057">
    <groups>
      <group name="Master">
        <method signature="TC_002Login.verifyLogin()[pri:0, instance:testCases.TC_002Login@4218d6a3]" name="verifyLogin" class="testCases.TC_002Login"/>
      </group> <!-- Master -->
      <group name="Sanity">
        <method signature="TC_001AccountRegistration.verifyAccountRegistration()[pri:0, instance:testCases.TC_001AccountRegistration@7b98f307]" name="verifyAccountRegistration" class="testCases.TC_001AccountRegistration"/>
        <method signature="TC_002Login.verifyLogin()[pri:0, instance:testCases.TC_002Login@4218d6a3]" name="verifyLogin" class="testCases.TC_002Login"/>
      </group> <!-- Sanity -->
      <group name="Regression">
        <method signature="TC_001AccountRegistration.verifyAccountRegistration()[pri:0, instance:testCases.TC_001AccountRegistration@7b98f307]" name="verifyAccountRegistration" class="testCases.TC_001AccountRegistration"/>
        <method signature="TC_002Login.verifyLogin()[pri:0, instance:testCases.TC_002Login@4218d6a3]" name="verifyLogin" class="testCases.TC_002Login"/>
      </group> <!-- Regression -->
    </groups>
    <test started-at="2025-01-30T20:31:01 IST" name="Test" finished-at="2025-01-30T20:31:31 IST" duration-ms="30057">
      <class name="testCases.TC_002Login">
        <test-method is-config="true" signature="setup(java.lang.String,java.lang.String)[pri:0, instance:testCases.TC_002Login@4218d6a3]" started-at="2025-01-30T20:31:01 IST" name="setup" finished-at="2025-01-30T20:31:14 IST" duration-ms="12211" status="PASS">
          <params>
            <param index="0">
              <value>
                <![CDATA[window]]>
              </value>
            </param>
            <param index="1">
              <value>
                <![CDATA[chrome]]>
              </value>
            </param>
          </params>
          <reporter-output>
          </reporter-output>
        </test-method> <!-- setup -->
        <test-method signature="verifyLogin()[pri:0, instance:testCases.TC_002Login@4218d6a3]" started-at="2025-01-30T20:31:14 IST" name="verifyLogin" finished-at="2025-01-30T20:31:17 IST" duration-ms="3357" status="PASS">
          <reporter-output>
          </reporter-output>
        </test-method> <!-- verifyLogin -->
        <test-method is-config="true" signature="tearDown()[pri:0, instance:testCases.TC_002Login@4218d6a3]" started-at="2025-01-30T20:31:17 IST" name="tearDown" finished-at="2025-01-30T20:31:18 IST" duration-ms="1077" status="PASS">
          <reporter-output>
          </reporter-output>
        </test-method> <!-- tearDown -->
      </class> <!-- testCases.TC_002Login -->
      <class name="testCases.TC_001AccountRegistration">
        <test-method is-config="true" signature="setup(java.lang.String,java.lang.String)[pri:0, instance:testCases.TC_001AccountRegistration@7b98f307]" started-at="2025-01-30T20:31:18 IST" name="setup" finished-at="2025-01-30T20:31:26 IST" duration-ms="7458" status="PASS">
          <params>
            <param index="0">
              <value>
                <![CDATA[window]]>
              </value>
            </param>
            <param index="1">
              <value>
                <![CDATA[chrome]]>
              </value>
            </param>
          </params>
          <reporter-output>
          </reporter-output>
        </test-method> <!-- setup -->
        <test-method signature="verifyAccountRegistration()[pri:0, instance:testCases.TC_001AccountRegistration@7b98f307]" started-at="2025-01-30T20:31:26 IST" name="verifyAccountRegistration" finished-at="2025-01-30T20:31:30 IST" duration-ms="4590" status="PASS">
          <reporter-output>
          </reporter-output>
        </test-method> <!-- verifyAccountRegistration -->
        <test-method is-config="true" signature="tearDown()[pri:0, instance:testCases.TC_001AccountRegistration@7b98f307]" started-at="2025-01-30T20:31:30 IST" name="tearDown" finished-at="2025-01-30T20:31:31 IST" duration-ms="446" status="PASS">
          <reporter-output>
          </reporter-output>
        </test-method> <!-- tearDown -->
      </class> <!-- testCases.TC_001AccountRegistration -->
    </test> <!-- Test -->
  </suite> <!-- Suite -->
</testng-results>
