<?xml version="1.0" encoding="UTF-8"?>
<!-- Generated by org.testng.reporters.JUnitXMLReporter -->
<testsuite ignored="0" hostname="DESKTOP-O1DUP7V" failures="1" tests="2" name="Test" time="24.078" errors="0" timestamp="2025-01-30T19:36:28 IST">
  <testcase classname="testCases.TC_002Login" name="verifyLogin" time="2.631"/>
  <testcase classname="testCases.TC_001AccountRegistration" name="verifyAccountRegistration" time="3.09">
    <failure type="java.lang.AssertionError" message="expected [true] but found [false]">
      <![CDATA[java.lang.AssertionError: expected [true] but found [false]
at testCases.TC_001AccountRegistration.verifyAccountRegistration(TC_001AccountRegistration.java:48)
at java.base/java.util.ArrayList.forEach(ArrayList.java:1511)
... Removed 31 stack frames]]>
    </failure>
  </testcase> <!-- verifyAccountRegistration -->
</testsuite> <!-- Test -->
